Flutter crash report; please file at https://github.com/flutter/flutter/issues.

## command

flutter build aot --suppress-analytics --quiet --target C:\Users\Fotima\Desktop\Fotima\Flutter Projects\umsApp-master\lib\main.dart --target-platform android-arm --output-dir C:\Users\Fotima\Desktop\Fotima\Flutter Projects\umsApp-master\build\app\intermediates\flutter\release --preview-dart-2 --release

## exception

FileSystemException: FileSystemException: Cannot open file, path = 'C:\Users\Fotima\Desktop\Fotima\Flutter Projects\umsApp-master\build\app\intermediates\flutter\release\frontend_server.d' (OS Error: The system cannot find the path specified.
, errno = 3)

```
#0      _File.open.<anonymous closure> (dart:io/file_impl.dart:368:9)
#1      _rootRunUnary (dart:async/zone.dart:1132:38)
#2      _CustomZone.runUnary (dart:async/zone.dart:1029:19)
#3      _FutureListener.handleValue (dart:async/future_impl.dart:129:18)
#4      Future._propagateToListeners.handleValueCallback (dart:async/future_impl.dart:642:45)
#5      Future._propagateToListeners (dart:async/future_impl.dart:671:32)
#6      Future._completeWithValue (dart:async/future_impl.dart:486:5)
#7      Future._asyncComplete.<anonymous closure> (dart:async/future_impl.dart:516:7)
#8      _rootRun (dart:async/zone.dart:1124:13)
#9      _CustomZone.run (dart:async/zone.dart:1021:19)
#10     _CustomZone.bindCallback.<anonymous closure> (dart:async/zone.dart:947:23)
#11     _microtaskLoop (dart:async/schedule_microtask.dart:41:21)
#12     _startMicrotaskLoop (dart:async/schedule_microtask.dart:50:5)
#13     _runPendingImmediateCallback (dart:isolate/runtime/libisolate_patch.dart:114:13)
#14     _RawReceivePortImpl._handleMessage (dart:isolate/runtime/libisolate_patch.dart:170:5)
```

## flutter doctor

```
[✓] Flutter (Channel master, v0.5.8-pre.277, on Microsoft Windows [Version 10.0.17134.471], locale en-US)
    • Flutter version 0.5.8-pre.277 at C:\flutter
    • Framework revision e5432a2843 (4 months ago), 2018-08-08 16:45:08 -0700
    • Engine revision 3777931801
    • Dart version 2.0.0-dev.69.5.flutter-eab492385c

[✓] Android toolchain - develop for Android devices (Android SDK 27.0.3)
    • Android SDK at C:\Users\Fotima\AppData\Local\Android\sdk
    • Android NDK location not configured (optional; useful for native profiling support)
    • Platform android-27, build-tools 27.0.3
    • Java binary at: C:\Program Files\Android\Android Studio\jre\bin\java
    • Java version OpenJDK Runtime Environment (build 1.8.0_152-release-915-b01)
    • All Android licenses accepted.

[✓] Android Studio (version 3.0)
    • Android Studio at C:\Program Files\Android\Android Studio
    • Flutter plugin version 23.2.1
    • Dart plugin version 171.4424
    • Java version OpenJDK Runtime Environment (build 1.8.0_152-release-915-b01)

[✓] VS Code, 64-bit edition (version 1.25.1)
    • VS Code at C:\Program Files\Microsoft VS Code
    • Flutter extension version 2.21.1

[✓] Connected devices (1 available)
    • GT I9192 • 0dd56ade • android-arm • Android 4.4.2 (API 19)

• No issues found!
```
